android-pdfview/build/intermediates/manifest_merge_blame_file/debug/manifest-merger-blame-debug-report.txt
1<?xml version="1.0" encoding="utf-8"?>
2<!--
3    Copyright 2014 Joan Zapata
4
5    This file is part of Android-pdfview.
6
7    Android-pdfview is free software: you can redistribute it and/or modify
8    it under the terms of the GNU General Public License as published by
9    the Free Software Foundation, either version 3 of the License, or
10    (at your option) any later version.
11
12    Android-pdfview is distributed in the hope that it will be useful,
13    but WITHOUT ANY WARRANTY; without even the implied warranty of
14    MERCHANTABILITY or FITNESS FOR A PARTICULAR PURPOSE.  See the
15    GNU General Public License for more details.
16
17    You should have received a copy of the GNU General Public License
18    along with Android-pdfview.  If not, see <http://www.gnu.org/licenses/>.
19-->
20<manifest xmlns:android="http://schemas.android.com/apk/res/android"
21    package="com.joanzapata.pdfview"
22    android:versionCode="1"
23    android:versionName="1.0.0" > <!-- Min version 8 (2.2) -->
24    <uses-sdk android:minSdkVersion="1" />
24-->QinPlus/android-pdfview/AndroidManifest.xml:27:2-28:46
24-->QinPlus/android-pdfview/AndroidManifest.xml:27:12-37
25
26</manifest>